"../../../../../Online Build/OnlineBuild_/Content/InfinityBladeWarriors/Character/CompleteCharacters/Textures_Materials/CharM_Barbarous/T_CharM_Barbarous_MetalMask.uasset" 0
"../../../../../Online Build/OnlineBuild_/Content/InfinityBladeWarriors/Character/CompleteCharacters/Textures_Materials/CharM_Barbarous/T_CharM_Barbarous_N.uasset" 1
"../../../../../Online Build/OnlineBuild_/Content/InfinityBladeWarriors/Character/CompleteCharacters/Textures_Materials/CharM_Barbarous/T_CharM_BarbarousElite_D.uasset" 2
"../../../../../Online Build/OnlineBuild_/Content/InfinityBladeWarriors/Character/CompleteCharacters/Textures_Materials/CharM_Barbarous/M_Char_Barbarous_Elite.uasset" 3
"../../../../../Online Build/OnlineBuild_/Content/InfinityBladeWarriors/Character/CompleteCharacters/Textures_Materials/CharM_Barbarous/SK_CharM_Barbarous_Skeleton.uasset" 4
"../../../../../Online Build/OnlineBuild_/Content/InfinityBladeWarriors/Character/CompleteCharacters/Textures_Materials/CharM_Base/T_CharM_Base_D_MetalMask.uasset" 5
"../../../../../Online Build/OnlineBuild_/Content/InfinityBladeWarriors/Character/CompleteCharacters/Textures_Materials/CharM_Bladed/T_CharM_Bladed_Elite_D.uasset" 6
"../../../../../Online Build/OnlineBuild_/Content/InfinityBladeWarriors/Character/CompleteCharacters/Textures_Materials/CharM_Natural/T_CharM_NaturalElite_D.uasset" 7
"../../../../../Online Build/OnlineBuild_/Content/InfinityBladeWarriors/Character/CompleteCharacters/Textures_Materials/CharM_Natural/T_CharM_NaturalElite_Mask.uasset" 8
"../../../../../Online Build/OnlineBuild_/Content/InfinityBladeWarriors/Character/CompleteCharacters/Textures_Materials/CharM_Natural/T_CharM_NaturalElite_N.uasset" 9
"../../../../../Online Build/OnlineBuild_/Content/InfinityBladeWarriors/Character/CompleteCharacters/Textures_Materials/CharM_Pit/T_CharM_Pit_Mask.uasset" 10
"../../../../../Online Build/OnlineBuild_/Content/InfinityBladeWarriors/Character/CompleteCharacters/Textures_Materials/CharM_Pit/T_CharM_Pit_N.uasset" 11
"../../../../../Online Build/OnlineBuild_/Content/InfinityBladeWarriors/Character/CompleteCharacters/Textures_Materials/CharM_Pit/T_CharM_Trench_D.uasset" 12
"../../../../../Online Build/OnlineBuild_/Content/InfinityBladeWarriors/Character/CompleteCharacters/Textures_Materials/CharM_Pit/M_Char_Pit2.uasset" 13
"../../../../../Online Build/OnlineBuild_/Content/InfinityBladeWarriors/Character/CompleteCharacters/Textures_Materials/CharM_Pit/T_CharM_Pit3_D.uasset" 14
"../../../../../Online Build/OnlineBuild_/Content/InfinityBladeWarriors/Character/CompleteCharacters/Textures_Materials/CharM_Pit/M_Char_Pit3.uasset" 15
"../../../../../Online Build/OnlineBuild_/Content/InfinityBladeWarriors/Character/CompleteCharacters/Textures_Materials/CharM_Pit/T_CharM_Gorge_D.uasset" 16
"../../../../../Online Build/OnlineBuild_/Content/InfinityBladeWarriors/Character/CompleteCharacters/Textures_Materials/CharM_Ram/T_CharM_Ram_C_D.uasset" 17
"../../../../../Online Build/OnlineBuild_/Content/InfinityBladeWarriors/Character/CompleteCharacters/Textures_Materials/CharM_Ram/T_CharM_Ram_D.uasset" 18
"../../../../../Online Build/OnlineBuild_/Content/InfinityBladeWarriors/Character/CompleteCharacters/Textures_Materials/CharM_Shell/T_CharM_ShellB_D.uasset" 19
"../../../../../Online Build/OnlineBuild_/Content/InfinityBladeWarriors/Character/CompleteCharacters/Textures_Materials/CharM_Shell/T_CharM_Shell_C.uasset" 20
"../../../../../Online Build/OnlineBuild_/Content/InfinityBladeWarriors/Character/CompleteCharacters/Textures_Materials/CharM_Bladed/T_CharM_Bladed_D.uasset" 21
"../../../../../Online Build/OnlineBuild_/Content/InfinityBladeWarriors/Character/CompleteCharacters/Textures_Materials/CharM_Bladed/T_CharM_Bladed_MetalMask1.uasset" 22
"../../../../../Online Build/OnlineBuild_/Content/InfinityBladeWarriors/Character/CompleteCharacters/Textures_Materials/CharM_Bladed/T_CharM_Bladed_N.uasset" 23
"../../../../../Online Build/OnlineBuild_/Content/InfinityBladeWarriors/Character/CompleteCharacters/Textures_Materials/CharM_solid/M_CharM_Solid_Alternate.uasset" 24
"../../../../../Online Build/OnlineBuild_/Content/InfinityBladeWarriors/Character/CompleteCharacters/Textures_Materials/CharM_solid/T_CharM_Solid_Alt.uasset" 25
"../../../../../Online Build/OnlineBuild_/Content/InfinityBladeWarriors/Character/CompleteCharacters/Textures_Materials/CharM_solid/T_CharM_Solid_Alternate.uasset" 26
"../../../../../Online Build/OnlineBuild_/Content/InfinityBladeWarriors/Character/CompleteCharacters/Textures_Materials/CharM_solid/T_CharM_Solid_Alt_Mask.uasset" 27
"../../../../../Online Build/OnlineBuild_/Content/InfinityBladeWarriors/Character/CompleteCharacters/Textures_Materials/CharM_Warrior/T_CharM_Warrior_Emissive.uasset" 28
"../../../Engine/Content/EngineMeshes/Humanoid.uasset" 29
"../../../../../Online Build/OnlineBuild_/Content/Mannequin/Character/Mesh/UE4_Mannequin_Skeleton.uasset" 30
"../../../../../Online Build/OnlineBuild_/Content/Mannequin/Animations/ThirdPersonJump_End.uasset" 31
"../../../../../Online Build/OnlineBuild_/Content/StarterContent/Materials/M_Basic_Wall.uasset" 32
"../../../../../Online Build/OnlineBuild_/Content/StarterContent/Architecture/Pillar_50x500.uasset" 33
"../../../../../Online Build/OnlineBuild_/Content/StarterContent/Architecture/Wall_400x300.uasset" 34
"../../../../../Online Build/OnlineBuild_/Content/StarterContent/Architecture/Wall_400x400.uasset" 35
"../../../../../Online Build/OnlineBuild_/Content/StarterContent/Architecture/Wall_500x500.uasset" 36
"../../../../../Online Build/OnlineBuild_/Content/StarterContent/Architecture/Wall_Door_400x400.uasset" 37
"../../../../../Online Build/OnlineBuild_/Content/StarterContent/Architecture/Wall_Window_400x400.uasset" 38
"../../../../../Online Build/OnlineBuild_/Content/StarterContent/Audio/Collapse01.uasset" 39
"../../../../../Online Build/OnlineBuild_/Content/StarterContent/Audio/Collapse02.uasset" 40
"../../../../../Online Build/OnlineBuild_/Content/StarterContent/Audio/Explosion01.uasset" 41
"../../../../../Online Build/OnlineBuild_/Content/StarterContent/Audio/Explosion02.uasset" 42
"../../../../../Online Build/OnlineBuild_/Content/StarterContent/Audio/Fire01.uasset" 43
"../../../../../Online Build/OnlineBuild_/Content/StarterContent/Audio/Fire_Sparks01.uasset" 44
"../../../../../Online Build/OnlineBuild_/Content/StarterContent/Audio/Light01.uasset" 45
"../../../../../Online Build/OnlineBuild_/Content/StarterContent/Audio/Light01_Cue.uasset" 46
"../../../../../Online Build/OnlineBuild_/Content/StarterContent/Audio/Light02.uasset" 47
"../../../../../Online Build/OnlineBuild_/Content/StarterContent/Audio/Light02_Cue.uasset" 48
"../../../../../Online Build/OnlineBuild_/Content/StarterContent/Audio/Smoke01.uasset" 49
"../../../../../Online Build/OnlineBuild_/Content/StarterContent/Audio/Starter_Birds01.uasset" 50
"../../../../../Online Build/OnlineBuild_/Content/StarterContent/Audio/Starter_Music01.uasset" 51
"../../../../../Online Build/OnlineBuild_/Content/StarterContent/Audio/Starter_Wind05.uasset" 52
"../../../../../Online Build/OnlineBuild_/Content/StarterContent/Audio/Starter_Wind06.uasset" 53
"../../../../../Online Build/OnlineBuild_/Content/StarterContent/Audio/Steam01.uasset" 54
"../../../../../Online Build/OnlineBuild_/Content/StarterContent/Audio/Explosion_Cue.uasset" 55
"../../../../../Online Build/OnlineBuild_/Content/StarterContent/Textures/T_Burst_M.uasset" 56
"../../../../../Online Build/OnlineBuild_/Content/StarterContent/Particles/Materials/M_Burst.uasset" 57
"../../../../../Online Build/OnlineBuild_/Content/StarterContent/Textures/T_Explosion_SubUV.uasset" 58
"../../../../../Online Build/OnlineBuild_/Content/StarterContent/Particles/Materials/M_explosion_subUV.uasset" 59
"../../../../../Online Build/OnlineBuild_/Content/StarterContent/Particles/Materials/m_flare_01.uasset" 60
"../../../Engine/Content/Functions/Engine_MaterialFunctions01/Gradient/RadialGradient.uasset" 61
"../../../../../Online Build/OnlineBuild_/Content/StarterContent/Particles/Materials/M_radial_ramp.uasset" 62
"../../../../../Online Build/OnlineBuild_/Content/StarterContent/Textures/T_Smoke_SubUV.uasset" 63
"../../../../../Online Build/OnlineBuild_/Content/StarterContent/Textures/T_Smoke_Tiled_D.uasset" 64
"../../../../../Online Build/OnlineBuild_/Content/StarterContent/Particles/Materials/M_smoke_subUV.uasset" 65
"../../../../../Online Build/OnlineBuild_/Content/StarterContent/Particles/P_Explosion.uasset" 66
"../../../../../Online Build/OnlineBuild_/Content/StarterContent/Blueprints/Blueprint_Effect_Explosion.uasset" 67
"../../../Engine/Content/EditorMeshes/ColorCalibrator/T_ColorGrid.uasset" 68
"../../../../../Online Build/OnlineBuild_/Content/StarterContent/Materials/M_ColorGrid_LowSpec.uasset" 69
"../../../../../Online Build/OnlineBuild_/Content/StarterContent/Textures/T_Bush_D.uasset" 70
"../../../../../Online Build/OnlineBuild_/Content/StarterContent/Textures/T_Bush_N.uasset" 71
"../../../../../Online Build/OnlineBuild_/Content/StarterContent/Props/Materials/M_Bush.uasset" 72
"../../../../../Online Build/OnlineBuild_/Content/StarterContent/Props/SM_Bush.uasset" 73
"../../../../../Online Build/OnlineBuild_/Content/StarterContent/Textures/T_Chair_M.uasset" 74
"../../../../../Online Build/OnlineBuild_/Content/StarterContent/Textures/T_Chair_N.uasset" 75
"../../../../../Online Build/OnlineBuild_/Content/StarterContent/Props/Materials/M_Chair.uasset" 76
"../../../../../Online Build/OnlineBuild_/Content/StarterContent/Props/SM_Couch.uasset" 77
"../../../../../Online Build/OnlineBuild_/Content/StarterContent/Materials/M_Glass.uasset" 78
"../../../../../Online Build/OnlineBuild_/Content/StarterContent/Textures/T_Door_M.uasset" 79
"../../../../../Online Build/OnlineBuild_/Content/StarterContent/Textures/T_Door_N.uasset" 80
"../../../../../Online Build/OnlineBuild_/Content/StarterContent/Props/Materials/M_Door.uasset" 81
"../../../../../Online Build/OnlineBuild_/Content/StarterContent/Props/SM_Door.uasset" 82
"../../../../../Online Build/OnlineBuild_/Content/StarterContent/Props/Materials/M_MaterialSphere.uasset" 83
"../../../../../Online Build/OnlineBuild_/Content/StarterContent/Props/Materials/M_MaterialSphere_Plain.uasset" 84
"../../../../../Online Build/OnlineBuild_/Content/StarterContent/Props/SM_MatPreviewMesh_02.uasset" 85
"../../../Engine/Content/Functions/Engine_MaterialFunctions02/Utility/BlendAngleCorrectedNormals.uasset" 86
"../../../../../Online Build/OnlineBuild_/Content/StarterContent/Textures/T_Detail_Rocky_N.uasset" 87
"../../../../../Online Build/OnlineBuild_/Content/StarterContent/Textures/T_Rock_Basalt_D.uasset" 88
"../../../../../Online Build/OnlineBuild_/Content/StarterContent/Textures/T_RockMesh_M.uasset" 89
"../../../../../Online Build/OnlineBuild_/Content/StarterContent/Textures/T_RockMesh_N.uasset" 90
"../../../../../Online Build/OnlineBuild_/Content/StarterContent/Props/Materials/M_Rock.uasset" 91
"../../../../../Online Build/OnlineBuild_/Content/StarterContent/Props/SM_Rock.uasset" 92
"../../../../../Online Build/OnlineBuild_/Content/StarterContent/Textures/T_Shelf_M.uasset" 93
"../../../../../Online Build/OnlineBuild_/Content/StarterContent/Textures/T_Shelf_N.uasset" 94
"../../../../../Online Build/OnlineBuild_/Content/StarterContent/Props/Materials/M_Shelf.uasset" 95
"../../../../../Online Build/OnlineBuild_/Content/StarterContent/Props/SM_Shelf.uasset" 96
"../../../../../Online Build/OnlineBuild_/Content/StarterContent/Materials/M_Basic_Floor.uasset" 97
"../../../../../Online Build/OnlineBuild_/Content/StarterContent/Props/SM_Stairs.uasset" 98
"../../../../../Online Build/OnlineBuild_/Content/StarterContent/Shapes/Shape_Cone.uasset" 99
"../../../../../Online Build/OnlineBuild_/Content/StarterContent/Shapes/Shape_Cylinder.uasset" 100
"../../../../../Online Build/OnlineBuild_/Content/StarterContent/Shapes/Shape_NarrowCapsule.uasset" 101
"../../../../../Online Build/OnlineBuild_/Content/StarterContent/Shapes/Shape_Pipe.uasset" 102
"../../../../../Online Build/OnlineBuild_/Content/StarterContent/Shapes/Shape_Pipe_180.uasset" 103
"../../../../../Online Build/OnlineBuild_/Content/StarterContent/Shapes/Shape_Pipe_90.uasset" 104
"../../../../../Online Build/OnlineBuild_/Content/StarterContent/Shapes/Shape_Plane.uasset" 105
"../../../../../Online Build/OnlineBuild_/Content/StarterContent/Shapes/Shape_Torus.uasset" 106
"../../../../../Online Build/OnlineBuild_/Content/StarterContent/Shapes/Shape_Trim.uasset" 107
"../../../../../Online Build/OnlineBuild_/Content/StarterContent/Shapes/Shape_Trim_90_In.uasset" 108
"../../../../../Online Build/OnlineBuild_/Content/StarterContent/Shapes/Shape_Trim_90_Out.uasset" 109
"../../../../../Online Build/OnlineBuild_/Content/StarterContent/Shapes/Shape_TriPyramid.uasset" 110
"../../../../../Online Build/OnlineBuild_/Content/StarterContent/Shapes/Shape_Tube.uasset" 111
"../../../../../Online Build/OnlineBuild_/Content/StarterContent/Shapes/Shape_Wedge_A.uasset" 112
"../../../../../Online Build/OnlineBuild_/Content/StarterContent/Shapes/Shape_Wedge_B.uasset" 113
"../../../../../Online Build/OnlineBuild_/Content/StarterContent/Shapes/Shape_WideCapsule.uasset" 114
"../../../../../Online Build/OnlineBuild_/Content/Mannequin/Animations/ThirdPerson_Jump.uasset" 115
"../../../../../Online Build/OnlineBuild_/Content/Mannequin/Animations/ThirdPersonJump_Loop.uasset" 116
"../../../../../Online Build/OnlineBuild_/Content/Mannequin/Animations/ThirdPersonJump_Start.uasset" 117
"../../../../../Online Build/OnlineBuild_/Content/Mannequin/Animations/ThirdPersonIdle.uasset" 118
"../../../../../Online Build/OnlineBuild_/Content/Mannequin/Animations/ThirdPersonRun.uasset" 119
"../../../../../Online Build/OnlineBuild_/Content/Mannequin/Animations/ThirdPersonWalk.uasset" 120
"../../../../../Online Build/OnlineBuild_/Content/Mannequin/Animations/ThirdPerson_IdleRun_2D.uasset" 121
"../../../Engine/Content/EditorBlueprintResources/StandardMacros.uasset" 122
"../../../../../Online Build/OnlineBuild_/Content/Mannequin/Animations/ThirdPerson_AnimBP.uasset" 123
"../../../Engine/Content/Functions/MaterialLayerFunctions/MatLayerBlend_NormalBlend.uasset" 124
"../../../Engine/Content/Functions/MaterialLayerFunctions/MatLayerBlend_Simple.uasset" 125
"../../../../../Online Build/OnlineBuild_/Content/Mannequin/Character/Materials/MaterialLayers/T_ML_Rubber_Blue_01_D.uasset" 126
"../../../../../Online Build/OnlineBuild_/Content/Mannequin/Character/Materials/MaterialLayers/T_ML_Rubber_Blue_01_N.uasset" 127
"../../../../../Online Build/OnlineBuild_/Content/Mannequin/Character/Materials/MaterialLayers/ML_GlossyBlack_Latex_UE4.uasset" 128
"../../../../../Online Build/OnlineBuild_/Content/Mannequin/Character/Materials/MaterialLayers/ML_Plastic_Shiny_Beige.uasset" 129
"../../../../../Online Build/OnlineBuild_/Content/Mannequin/Character/Textures/UE4_LOGO_CARD.uasset" 130
"../../../../../Online Build/OnlineBuild_/Content/Mannequin/Character/Materials/MaterialLayers/ML_Plastic_Shiny_Beige_LOGO.uasset" 131
"../../../../../Online Build/OnlineBuild_/Content/Mannequin/Character/Materials/MaterialLayers/T_ML_Aluminum01.uasset" 132
"../../../../../Online Build/OnlineBuild_/Content/Mannequin/Character/Materials/MaterialLayers/T_ML_Aluminum01_N.uasset" 133
"../../../../../Online Build/OnlineBuild_/Content/Mannequin/Character/Materials/MaterialLayers/ML_SoftMetal_UE4.uasset" 134
"../../../../../Online Build/OnlineBuild_/Content/Mannequin/Character/Textures/UE4_Mannequin__normals.uasset" 135
"../../../../../Online Build/OnlineBuild_/Content/Mannequin/Character/Textures/UE4_Mannequin_MAT_MASKA.uasset" 136
"../../../../../Online Build/OnlineBuild_/Content/Mannequin/Character/Materials/M_UE4Man_Body.uasset" 137
"../../../../../Online Build/OnlineBuild_/Content/Mannequin/Character/Textures/UE4Man_Logo_N.uasset" 138
"../../../../../Online Build/OnlineBuild_/Content/Mannequin/Character/Materials/M_UE4Man_ChestLogo.uasset" 139
"../../../../../Online Build/OnlineBuild_/Content/Mannequin/Character/Mesh/SK_Mannequin_PhysicsAsset.uasset" 140
"../../../../../Online Build/OnlineBuild_/Content/Mannequin/Character/Mesh/SK_Mannequin.uasset" 141
"../../../../../Online Build/OnlineBuild_/Content/ThirdPersonBP/Blueprints/ThirdPersonCharacter.uasset" 142
"../../../../../Online Build/OnlineBuild_/Content/ThirdPersonBP/Blueprints/ThirdPersonGameMode.uasset" 143
"../../../Engine/Content/Functions/Engine_MaterialFunctions01/Opacity/CameraDepthFade.uasset" 144
"../../../Engine/Content/EngineMaterials/T_Default_Material_Grid_M.uasset" 145
"../../../Engine/Content/EngineMaterials/T_Default_Material_Grid_N.uasset" 146
"../../../Engine/Content/EngineMaterials/DefaultMaterial.uasset" 147
"../../../Engine/Content/BasicShapes/Cone.uasset" 148
"../../../Engine/Content/BasicShapes/Cylinder.uasset" 149
"../../../Engine/Content/EngineMaterials/WorldGridMaterial.uasset" 150
"../../../Engine/Content/BasicShapes/Plane.uasset" 151
"../../../Engine/Content/BasicShapes/Sphere.uasset" 152
"../../../Engine/Content/EditorLandscapeResources/DataLayer.uasset" 153
"../../../Engine/Content/EditorMaterials/GizmoMaterial.uasset" 154
"../../../Engine/Content/EditorMaterials/MAT_Groups_Toggle.uasset" 155
"../../../Engine/Content/EditorMaterials/MAT_Groups_Visibility.uasset" 156
"../../../Engine/Content/EditorMaterials/PreviewShadowIndicator.uasset" 157
"../../../Engine/Content/EditorMaterials/PreviewShadowIndicatorMaterial.uasset" 158
"../../../Engine/Content/EditorMaterials/MatineeGroups/MAT_ColorTrack.uasset" 159
"../../../Engine/Content/EditorMaterials/MatineeGroups/MAT_Groups_Anim.uasset" 160
"../../../Engine/Content/EditorMaterials/MatineeGroups/MAT_Groups_AudioMaster.uasset" 161
"../../../Engine/Content/EditorMaterials/MatineeGroups/MAT_Groups_Director.uasset" 162
"../../../Engine/Content/EditorMaterials/MatineeGroups/MAT_Groups_Event.uasset" 163
"../../../Engine/Content/EditorMaterials/MatineeGroups/MAT_Groups_Fade.uasset" 164
"../../../Engine/Content/EditorMaterials/MatineeGroups/MAT_Groups_Float.uasset" 165
"../../../Engine/Content/EditorMaterials/MatineeGroups/MAT_Groups_Move.uasset" 166
"../../../Engine/Content/EditorMaterials/MatineeGroups/MAT_Groups_Slomo.uasset" 167
"../../../Engine/Content/EditorMaterials/MatineeGroups/MAT_Groups_Sound.uasset" 168
"../../../Engine/Content/EditorMaterials/MatineeGroups/MAT_Groups_Vector.uasset" 169
"../../../Engine/Content/EditorMaterials/ParticleSystems/PSysThumbnail_NoImage.uasset" 170
"../../../Engine/Content/EditorMaterials/ParticleSystems/PSysThumbnail_OOD.uasset" 171
"../../../Engine/Content/EditorMaterials/Camera/CineMat.uasset" 172
"../../../Engine/Content/EditorMaterials/Camera/MI_CineMat_Rig.uasset" 173
"../../../Engine/Content/EditorMeshes/Camera/SM_CraneRig_Arm.uasset" 174
"../../../Engine/Content/EditorMeshes/Camera/SM_CraneRig_Base.uasset" 175
"../../../Engine/Content/EditorMeshes/Camera/SM_CraneRig_Body.uasset" 176
"../../../Engine/Content/EditorMeshes/Camera/SM_CraneRig_Mount.uasset" 177
"../../../Engine/Content/EditorMeshes/Camera/SM_RailRig_Mount.uasset" 178
"../../../Engine/Content/EditorMeshes/Camera/SM_RailRig_Track.uasset" 179
"../../../Engine/Content/EditorResources/BSPVertex.uasset" 180
"../../../Engine/Content/EditorResources/EmptyActor.uasset" 181
"../../../Engine/Content/EditorResources/S_Actor.uasset" 182
"../../../Engine/Content/EditorResources/S_Trigger.uasset" 183
"../../../Engine/Content/EditorResources/AudioIcons/S_AudioComponent.uasset" 184
"../../../Engine/Content/EditorResources/AudioIcons/S_AudioComponent_AutoActivate.uasset" 185
"../../../Engine/Content/EditorResources/LightIcons/S_LightError.uasset" 186
"../../../Engine/Content/EditorResources/SequenceRecorder/Countdown.uasset" 187
"../../../Engine/Content/EditorResources/SequenceRecorder/RecordingIndicator.uasset" 188
"../../../Engine/Content/EditorSounds/Notifications/CompileFailed.uasset" 189
"../../../Engine/Content/EditorSounds/Notifications/CompileFailed_Cue.uasset" 190
"../../../Engine/Content/EditorSounds/Notifications/CompileSuccess.uasset" 191
"../../../Engine/Content/EditorSounds/Notifications/CompileStart_Cue.uasset" 192
"../../../Engine/Content/EditorSounds/Notifications/CompileSuccess_Cue.uasset" 193
"../../../Engine/Content/EngineDamageTypes/DmgTypeBP_Environmental.uasset" 194
"../../../Engine/Content/EngineDebugMaterials/HeatmapGradient.uasset" 195
"../../../Engine/Content/EngineDebugMaterials/BoneWeightMaterial.uasset" 196
"../../../Engine/Content/EngineDebugMaterials/ClothMaterial.uasset" 197
"../../../Engine/Content/EngineDebugMaterials/ClothMaterial_WF.uasset" 198
"../../../Engine/Content/EngineDebugMaterials/DebugEditorMaterial.uasset" 199
"../../../Engine/Content/EngineDebugMaterials/DebugMeshMaterial.uasset" 200
"../../../Engine/Content/EngineDebugMaterials/GeomMaterial.uasset" 201
"../../../Engine/Content/EngineFonts/Faces/RobotoBold.uasset" 202
"../../../Engine/Content/EngineFonts/Faces/RobotoBoldItalic.uasset" 203
"../../../Engine/Content/EngineFonts/Faces/RobotoItalic.uasset" 204
"../../../Engine/Content/EngineFonts/Faces/RobotoLight.uasset" 205
"../../../Engine/Content/EngineFonts/Faces/RobotoRegular.uasset" 206
"../../../Engine/Content/EngineFonts/Roboto.uasset" 207
"../../../Engine/Content/EngineFonts/Faces/RobotoTiny.uasset" 208
"../../../Engine/Content/EngineFonts/RobotoTiny.uasset" 209
"../../../Engine/Content/EngineMaterials/DefaultBloomKernel.uasset" 210
"../../../Engine/Content/EngineMaterials/DefaultBokeh.uasset" 211
"../../../Engine/Content/EngineMaterials/DefaultDiffuse.uasset" 212
"../../../Engine/Content/EngineMaterials/DefaultDeferredDecalMaterial.uasset" 213
"../../../Engine/Content/EngineMaterials/DefaultLightFunctionMaterial.uasset" 214
"../../../Engine/Content/EngineMaterials/DefaultPhysicalMaterial.uasset" 215
"../../../Engine/Content/Functions/Engine_MaterialFunctions02/Utility/BreakOutFloat2Components.uasset" 216
"../../../Engine/Content/EngineMaterials/DefaultPostProcessMaterial.uasset" 217
"../../../Engine/Content/EngineFonts/RobotoDistanceField.uasset" 218
"../../../Engine/Content/EngineMaterials/DefaultTextMaterialOpaque.uasset" 219
"../../../Engine/Content/EngineMaterials/DefaultWhiteGrid.uasset" 220
"../../../Engine/Content/EngineMaterials/EditorBrushMaterial.uasset" 221
"../../../Engine/Content/EngineMaterials/Good64x64TilingNoiseHighFreq.uasset" 222
"../../../Engine/Content/EngineMaterials/MiniFont.uasset" 223
"../../../Engine/Content/EngineMaterials/InvalidLightmapSettings.uasset" 224
"../../../Engine/Content/EngineMaterials/M_InvalidLightmapSettings.uasset" 225
"../../../Engine/Content/Functions/Engine_MaterialFunctions02/WorldPositionOffset/CameraOffset.uasset" 226
"../../../Engine/Content/EngineMaterials/PhAT_JointLimitMaterial.uasset" 227
"../../../Engine/Content/EngineMaterials/PreintegratedSkinBRDF.uasset" 228
"../../../Engine/Content/EngineMaterials/RemoveSurfaceMaterial.uasset" 229
"../../../Engine/Content/EngineMaterials/WeightMapPlaceholderTexture.uasset" 230
"../../../Engine/Content/EngineResources/WhiteSquareTexture.uasset" 231
"../../../Engine/Content/EngineMaterials/Widget3DPassThrough.uasset" 232
"../../../Engine/Content/EngineMaterials/Widget3DPassThrough_Masked.uasset" 233
"../../../Engine/Content/EngineMaterials/Widget3DPassThrough_Opaque.uasset" 234
"../../../Engine/Content/EngineMaterials/Widget3DPassThrough_Masked_OneSided.uasset" 235
"../../../Engine/Content/EngineMaterials/Widget3DPassThrough_Opaque_OneSided.uasset" 236
"../../../Engine/Content/EngineMaterials/Widget3DPassThrough_Translucent.uasset" 237
"../../../Engine/Content/EngineMaterials/Widget3DPassThrough_Translucent_OneSided.uasset" 238
"../../../Engine/Content/EngineMeshes/Cube.uasset" 239
"../../../Engine/Content/EngineMeshes/Cylinder.uasset" 240
"../../../Engine/Content/EngineMeshes/Sphere.uasset" 241
"../../../Engine/Content/EngineResources/Black.uasset" 242
"../../../Engine/Content/EngineResources/DefaultTexture.uasset" 243
"../../../Engine/Content/EngineResources/DefaultTextureCube.uasset" 244
"../../../Engine/Content/EngineResources/GradientTexture0.uasset" 245
"../../../Engine/Content/EngineSounds/Master.uasset" 246
"../../../Engine/Content/Functions/Engine_MaterialFunctions01/Shading/ConvertFromDiffSpec.uasset" 247
"../../../Engine/Content/Functions/Engine_MaterialFunctions01/Shading/PowerToRoughness.uasset" 248
"../../../Engine/Content/Maps/Templates/Thumbnails/Default.uasset" 249
"../../../Engine/Content/Maps/Templates/Thumbnails/VR-Basic.uasset" 250
"../../../Engine/Content/MobileResources/T_MobileControls_texture.uasset" 251
"../../../Engine/Content/MobileResources/T_MobileMenu2.uasset" 252
"../../../Engine/Content/MobileResources/HUD/AnalogHat.uasset" 253
"../../../Engine/Content/MobileResources/HUD/VirtualJoystick_Background.uasset" 254
"../../../Engine/Content/MobileResources/HUD/VirtualJoystick_Thumb.uasset" 255
"../../../Engine/Content/MobileResources/HUD/DefaultVirtualJoysticks.uasset" 256
"../../../Engine/Content/MobileResources/HUD/LeftVirtualJoystickOnly.uasset" 257
"../../../Engine/Content/MobileResources/HUD/MobileHUDButton1_off.uasset" 258
"../../../Engine/Content/MobileResources/HUD/MobileHUDButton1_on.uasset" 259
"../../../Engine/Content/MobileResources/HUD/MobileHUDButton2_off.uasset" 260
"../../../Engine/Content/MobileResources/HUD/MobileHUDButton2_on.uasset" 261
"../../../Engine/Content/MobileResources/HUD/MobileHUDButton3.uasset" 262
"../../../Engine/Content/MobileResources/HUD/MobileHUDButtonFire.uasset" 263
"../../../Engine/Content/MobileResources/HUD/MobileHUDDirectionPad.uasset" 264
"../../../Engine/Content/MobileResources/HUD/MobileHUDDirectionPad2.uasset" 265
"../../../Engine/Content/MobileResources/HUD/MobileHUDDirectionPad3.uasset" 266
"../../../Engine/Content/MobileResources/HUD/MobileHUDDirectionStick.uasset" 267
"../../../Engine/Content/MobileResources/HUD/T_Castle_ThumbstickInner.uasset" 268
"../../../Engine/Content/MobileResources/HUD/T_Castle_ThumbstickOutter.uasset" 269
"../../../Engine/Content/Tutorial/ContentIntroCurve.uasset" 270
"../../../Engine/Content/Tutorial/Basics/TutorialAssets/icon_tab_Levels_40x.uasset" 271
"../../../Engine/Content/Tutorial/BlueprintTutorials/TutorialAssets/BlueprintInterface_64x.uasset" 272
"../../../Engine/Content/Tutorial/BlueprintTutorials/TutorialAssets/BlueprintMacroLibrary_64x.uasset" 273
"../../../Engine/Content/Tutorial/BlueprintTutorials/TutorialAssets/Blueprint_64x.uasset" 274
"../../../Engine/Content/Tutorial/BlueprintTutorials/TutorialAssets/Tutorial_BP_Interface.uasset" 275
"../../../Engine/Content/Tutorial/Foliage/TutorialAssets/Foliage.uasset" 276
"../../../Engine/Content/Tutorial/Landscape/TutorialAssets/Landscape.uasset" 277
"../../../Engine/Content/Tutorial/Paper2D/TutorialAssets/Paper2DFlipbook_TutorialIcon.uasset" 278
"../../../Engine/Content/Tutorial/Paper2D/TutorialAssets/Paper2DSprite_TutorialIcon.uasset" 279
"../../../Engine/Content/Tutorial/SubEditors/TutorialAssets/icon_Editor_Preferences_General_40x.uasset" 280
"../../../Engine/Content/Tutorial/SubEditors/TutorialAssets/icon_ShowSkeletalMeshes_40x.uasset" 281
"../../../Engine/Content/Tutorial/SubEditors/TutorialAssets/TutorialMaterial.uasset" 282
"../../../Engine/Content/Tutorial/SubEditors/TutorialAssets/T_SmokeSubUV_8X8.uasset" 283
"../../../Engine/Content/Tutorial/SubEditors/TutorialAssets/T_soft_smoke.uasset" 284
"../../../Engine/Content/Tutorial/SubEditors/TutorialAssets/M_smoke_subUV_blackbody.uasset" 285
"../../../Engine/Content/Tutorial/SubEditors/TutorialAssets/TutorialParticleSystem.uasset" 286
"../../../Engine/Content/VREditor/Devices/Generic/GenericHMDMaterial.uasset" 287
"../../../Engine/Content/VREditor/Devices/Generic/GenericHMD.uasset" 288
"../../../Engine/Content/Functions/Engine_MaterialFunctions02/Utility/BreakOutFloat3Components.uasset" 289
"../../../Engine/Content/VREditor/Devices/Vive/VivePreController_MasksB.uasset" 290
"../../../Engine/Content/VREditor/Devices/Oculus/OculusControllerMaterial.uasset" 291
"../../../Engine/Content/VREditor/Devices/Oculus/OculusControllerMaterial_Inst.uasset" 292
"../../../Engine/Content/VREditor/Devices/Oculus/OculusControllerMesh.uasset" 293
"../../../Engine/Content/VREditor/Devices/Vive/T_VivePreController_EM.uasset" 294
"../../../Engine/Content/VREditor/Devices/Vive/VivePreController_MasksA.uasset" 295
"../../../Engine/Content/VREditor/Devices/Vive/VivePreControllerDiffuse.uasset" 296
"../../../Engine/Content/VREditor/Devices/Vive/VivePreControllerSpec.uasset" 297
"../../../Engine/Content/VREditor/LaserPointer/VR_LaserPower_01.uasset" 298
"../../../Engine/Content/VREditor/Devices/Vive/VivePreControllerMaterial.uasset" 299
"../../../Engine/Content/VREditor/Devices/Vive/VivePreControllerMaterial_Inst.uasset" 300
"../../../Engine/Content/VREditor/Devices/Vive/VivePreControllerMesh.uasset" 301
"../../../Engine/Content/VREditor/FloatingText/LineMaterial.uasset" 302
"../../../Engine/Content/VREditor/FloatingText/JointSphere.uasset" 303
"../../../Engine/Content/VREditor/FloatingText/LineSegmentCylinder.uasset" 304
"../../../Engine/Content/VREditor/Fonts/VRText_RobotoLarge.uasset" 305
"../../../Engine/Content/VREditor/Fonts/VRTextMaterial.uasset" 306
"../../../Engine/Content/VREditor/Fonts/TranslucentVRTextMaterial.uasset" 307
"../../../Engine/Content/VREditor/LaserPointer/CursorPointer.uasset" 308
"../../../Engine/Content/VREditor/TransformGizmo/TransformGizmoMaterial.uasset" 309
"../../../Engine/Content/VREditor/LaserPointer/HoverMaterial.uasset" 310
"../../../Engine/Content/VREditor/TransformGizmo/TranslucentTransformGizmoMaterial.uasset" 311
"../../../Engine/Content/VREditor/LaserPointer/TranslucentHoverMaterial.uasset" 312
"../../../Engine/Content/VREditor/LaserPointer/HoverMesh.uasset" 313
"../../../Engine/Content/VREditor/LaserPointer/LaserPointerMaterial.uasset" 314
"../../../Engine/Content/VREditor/LaserPointer/LaserPointerMaterialInst.uasset" 315
"../../../Engine/Content/VREditor/LaserPointer/TranslucentLaserPointerMaterialInst.uasset" 316
"../../../Engine/Content/VREditor/LaserPointer/LaserPointerMesh.uasset" 317
"../../../Engine/Content/VREditor/LaserPointer/LaserPointerMesh_End.uasset" 318
"../../../Engine/Content/VREditor/LaserPointer/LaserPointerMesh_Start.uasset" 319
"../../../Engine/Content/VREditor/Sounds/VR_teleport.uasset" 320
"../../../Engine/Content/VREditor/Sounds/UI/Click_on_Button.uasset" 321
"../../../Engine/Content/VREditor/Sounds/UI/Click_on_Button_Cue.uasset" 322
"../../../Engine/Content/VREditor/Sounds/UI/Dockable_Window_Close.uasset" 323
"../../../Engine/Content/VREditor/Sounds/UI/Dockable_Window_Drop.uasset" 324
"../../../Engine/Content/VREditor/Sounds/UI/Dockable_Window_Open.uasset" 325
"../../../Engine/Content/VREditor/Sounds/UI/Dockable_Window_Pick_Up.uasset" 326
"../../../Engine/Content/VREditor/Sounds/UI/Drop_Item_From_ContentBrowser.uasset" 327
"../../../Engine/Content/VREditor/Sounds/UI/Floating_UI_Open-001.uasset" 328
"../../../Engine/Content/VREditor/Sounds/UI/Radial_Menu_FadeOut.uasset" 329
"../../../Engine/Content/VREditor/Sounds/UI/Teleport_Mode_Entered.uasset" 330
"../../../Engine/Content/VREditor/Teleport/TeleportDirectionMaterial.uasset" 331
"../../../Engine/Content/VREditor/Teleport/TeleportDirectionMaterial_Inst.uasset" 332
"../../../Engine/Content/VREditor/Teleport/TeleportDirectionMesh.uasset" 333
"../../../Engine/Content/VREditor/TransformGizmo/BoundingBoxCorner.uasset" 334
"../../../Engine/Content/VREditor/TransformGizmo/BoundingBoxEdge.uasset" 335
"../../../Engine/Content/VREditor/TransformGizmo/PlaneTranslationHandle.uasset" 336
"../../../Engine/Content/VREditor/TransformGizmo/Main.uasset" 337
"../../../Engine/Content/VREditor/TransformGizmo/Xray.uasset" 338
"../../../Engine/Content/VREditor/TransformGizmo/SM_Dialog_Close.uasset" 339
"../../../Engine/Content/VREditor/TransformGizmo/SM_Dialog_Move.uasset" 340
"../../../Engine/Content/VREditor/TransformGizmo/SM_Sequencer_Key.uasset" 341
"../../../Engine/Content/VREditor/TransformGizmo/SM_Sequencer_Node.uasset" 342
"../../../Engine/Content/VREditor/TransformGizmo/TransformGizmoMaterial_Inst.uasset" 343
"../../../Engine/Content/VREditor/TransformGizmo/TranslucentTransformGizmoMaterial_Inst.uasset" 344
"../../../Engine/Content/VREditor/Devices/Vive/UE4_Logo.uasset" 345
"../../../Engine/Content/VREditor/UI/M_ContentWindow.uasset" 346
"../../../Engine/Content/VREditor/UI/SM_ContentWindow_01.uasset" 347
"../../../Engine/Content/VREditor/UI/KeyDiskMaterial.uasset" 348
"../../../Engine/Content/VREditor/UI/DiscMaterial.uasset" 349
"../../../Engine/Content/VREditor/UI/SM_Radial_Disk.uasset" 350
"../../../Engine/Content/VREditor/UI/ArrowMaterial.uasset" 351
"../../../Engine/Content/VREditor/UI/SM_Radial_Pointer.uasset" 352
"../../../Engine/Content/VREditor/WorldMovementGrid/SimpleGrid.uasset" 353
"../../../Engine/Content/VREditor/WorldMovementGrid/GridMaterial.uasset" 354
"../../../Engine/Content/Functions/Engine_MaterialFunctions01/Density/ExponentialDensity.uasset" 355
"../../../Engine/Content/VREditor/WorldMovementGrid/GridPostProcess.uasset" 356
"../../../Engine/Content/EditorLandscapeResources/FlattenHeightMat.uasset" 357
"../../../Engine/Content/VREditor/WorldMovementGrid/PlaneMesh.uasset" 358
"../../Plugins/2D/Paper2D/Content/PlaceholderTextures/DummySpriteTexture.uasset" 359
"../../Plugins/2D/Paper2D/Content/DummySprite.uasset" 360
"../../Plugins/2D/Paper2D/Content/DefaultPaperTerrainMaterial.uasset" 361
"../../Plugins/2D/Paper2D/Content/DefaultSpriteMaterial.uasset" 362
"../../Plugins/2D/Paper2D/Content/MaskedUnlitSpriteMaterial.uasset" 363
"../../Plugins/2D/Paper2D/Content/OpaqueUnlitSpriteMaterial.uasset" 364
"../../Plugins/Media/MediaCompositing/Content/DefaultMediaPlaneTexture.uasset" 365
"../../Plugins/Media/MediaCompositing/Content/DefaultMediaPlaneMaterial.uasset" 366
"../../../Engine/Content/Functions/Engine_MaterialFunctions02/Utility/MakeFloat4.uasset" 367
"../../Plugins/Runtime/AppleARKit/Content/ARKitCameraMaterial.uasset" 368
"../../Plugins/Runtime/Oculus/OculusVR/Content/Textures/GearVRController_AO.uasset" 369
"../../Plugins/Runtime/Oculus/OculusVR/Content/Textures/GearVRController_Color.uasset" 370
"../../Plugins/Runtime/Oculus/OculusVR/Content/Textures/GearVRController_Normal.uasset" 371
"../../Plugins/Runtime/Oculus/OculusVR/Content/Materials/GearVRControllerMaterial.uasset" 372
"../../Plugins/Runtime/Oculus/OculusVR/Content/Meshes/GearVrController.uasset" 373
"../../../Engine/Content/EngineSky/C_Sky_Cloud_Color.uasset" 374
"../../../Engine/Content/EngineSky/C_Sky_Horizon_Color.uasset" 375
"../../../Engine/Content/EngineSky/C_Sky_Zenith_Color.uasset" 376
"../../../Engine/Content/EngineSky/T_Sky_Blue.uasset" 377
"../../../Engine/Content/EngineSky/T_Sky_Clouds_M.uasset" 378
"../../../Engine/Content/EngineSky/T_Sky_Stars.uasset" 379
"../../../Engine/Content/EngineSky/M_Sky_Panning_Clouds2.uasset" 380
"../../../Engine/Content/EngineSky/SM_SkySphere.uasset" 381
"../../../Engine/Content/EngineSky/BP_Sky_Sphere.uasset" 382
"../../../../../Online Build/OnlineBuild_/Content/Blueprints/AllLevels/PlayerInfo.uasset" 383
"../../../../../Online Build/OnlineBuild_/Content/Blueprints/AllLevels/PlayerSaveGame.uasset" 384
"../../../../../Online Build/OnlineBuild_/Content/InfinityBladeWarriors/Character/CompleteCharacters/Textures_Materials/CharM_Shell/T_CharM_Shell_Mask.uasset" 385
"../../../../../Online Build/OnlineBuild_/Content/StarterContent/Textures/T_Brick_Clay_Beveled_D.uasset" 386
"../../../../../Online Build/OnlineBuild_/Content/StarterContent/Textures/T_Ceramic_Tile_M.uasset" 387
"../../../../../Online Build/OnlineBuild_/Content/StarterContent/Textures/T_Checker_Noise_M.uasset" 388
"../../../../../Online Build/OnlineBuild_/Content/StarterContent/Textures/T_CobbleStone_Rough_N.uasset" 389
"../../../../../Online Build/OnlineBuild_/Content/StarterContent/Textures/T_CobbleStone_Smooth_M.uasset" 390
"../../../../../Online Build/OnlineBuild_/Content/StarterContent/Textures/T_Fire_Tiled_D.uasset" 391
"../../../../../Online Build/OnlineBuild_/Content/UI/MainMenu/OptionsMenu.uasset" 392
"../../../../../Online Build/OnlineBuild_/Content/UI/AllLevels/LoadingScreen.uasset" 393
"../../../../../Online Build/OnlineBuild_/Content/UI/MainMenu/ErrorDialog.uasset" 394
"../../../../../Online Build/OnlineBuild_/Content/UI/MainMenu/HostMenu.uasset" 395
"../../../../../Online Build/OnlineBuild_/Content/UI/MainMenu/MainMenu.uasset" 396
"../../../../../Online Build/OnlineBuild_/Content/UI/MainMenu/ServerMenu.uasset" 397
"../../../../../Online Build/OnlineBuild_/Content/Blueprints/AllLevels/GameInforInstance.uasset" 398
"../../../../../Online Build/OnlineBuild_/Content/InfinityBladeWarriors/Character/CompleteCharacters/SK_Mannequin_Skeleton.uasset" 399
"../../../../../Online Build/OnlineBuild_/Content/InfinityBladeWarriors/Animations/ThirdPerson_Jump.uasset" 400
"../../../../../Online Build/OnlineBuild_/Content/InfinityBladeWarriors/Animations/ThirdPersonJump_Loop.uasset" 401
"../../../../../Online Build/OnlineBuild_/Content/InfinityBladeWarriors/Animations/ThirdPersonJump_Start.uasset" 402
"../../../../../Online Build/OnlineBuild_/Content/InfinityBladeWarriors/Animations/ThirdPersonIdle.uasset" 403
"../../../../../Online Build/OnlineBuild_/Content/InfinityBladeWarriors/Animations/ThirdPersonRun.uasset" 404
"../../../../../Online Build/OnlineBuild_/Content/InfinityBladeWarriors/Animations/ThirdPersonWalk.uasset" 405
"../../../../../Online Build/OnlineBuild_/Content/InfinityBladeWarriors/Animations/ThirdPerson_IdleRun_2D.uasset" 406
"../../../../../Online Build/OnlineBuild_/Content/InfinityBladeWarriors/Animations/0_BaseAnimBP.uasset" 407
"../../../../../Online Build/OnlineBuild_/Content/Blueprints/Characters/0_Base.uasset" 408
"../../../Engine/Content/EditorBlueprintResources/ActorMacros.uasset" 409
"../../../../../Online Build/OnlineBuild_/Content/InfinityBladeWarriors/Character/CompleteCharacters/Textures_Materials/CharM_Barbarous/T_CharM_Barbarous_D.uasset" 410
"../../../../../Online Build/OnlineBuild_/Content/InfinityBladeWarriors/Character/CompleteCharacters/Textures_Materials/CharM_Barbarous/M_Char_Barbrous.uasset" 411
"../../../../../Online Build/OnlineBuild_/Content/InfinityBladeWarriors/Character/CompleteCharacters/SK_CharM_Barbarous.uasset" 412
"../../../../../Online Build/OnlineBuild_/Content/Blueprints/Characters/Barbarous.uasset" 413
"../../../../../Online Build/OnlineBuild_/Content/InfinityBladeWarriors/Character/CompleteCharacters/Textures_Materials/CharM_Forge/CharM_Forge_D.uasset" 414
"../../../../../Online Build/OnlineBuild_/Content/InfinityBladeWarriors/Character/CompleteCharacters/Textures_Materials/CharM_Forge/CharM_Forge_MetalMask.uasset" 415
"../../../../../Online Build/OnlineBuild_/Content/InfinityBladeWarriors/Character/CompleteCharacters/Textures_Materials/CharM_Forge/CharM_Forge_N.uasset" 416
"../../../../../Online Build/OnlineBuild_/Content/InfinityBladeWarriors/Character/CompleteCharacters/Textures_Materials/CharM_Forge/M_Char_Forge.uasset" 417
"../../../../../Online Build/OnlineBuild_/Content/InfinityBladeWarriors/Character/CompleteCharacters/SK_CharM_Forge.uasset" 418
"../../../../../Online Build/OnlineBuild_/Content/Blueprints/Characters/Forge.uasset" 419
"../../../../../Online Build/OnlineBuild_/Content/InfinityBladeWarriors/Character/CompleteCharacters/Textures_Materials/CharM_FrostGiant/T_Char_M_FrostGiant_D.uasset" 420
"../../../../../Online Build/OnlineBuild_/Content/InfinityBladeWarriors/Character/CompleteCharacters/Textures_Materials/CharM_FrostGiant/T_Char_M_FrostGiant_Masks.uasset" 421
"../../../../../Online Build/OnlineBuild_/Content/InfinityBladeWarriors/Character/CompleteCharacters/Textures_Materials/CharM_FrostGiant/T_Char_M_FrostGiant_MaterialMask.uasset" 422
"../../../../../Online Build/OnlineBuild_/Content/InfinityBladeWarriors/Character/CompleteCharacters/Textures_Materials/CharM_FrostGiant/T_Char_M_FrostGiant_N.uasset" 423
"../../../../../Online Build/OnlineBuild_/Content/InfinityBladeWarriors/Character/CompleteCharacters/Textures_Materials/CharM_FrostGiant/M_Char_FrostGiant.uasset" 424
"../../../../../Online Build/OnlineBuild_/Content/InfinityBladeWarriors/Character/CompleteCharacters/SK_CharM_FrostGiant.uasset" 425
"../../../../../Online Build/OnlineBuild_/Content/Blueprints/Characters/Frosty.uasset" 426
"../../../../../Online Build/OnlineBuild_/Content/InfinityBladeWarriors/Character/CompleteCharacters/Textures_Materials/CharM_Natural/T_CharM_Natural_D.uasset" 427
"../../../../../Online Build/OnlineBuild_/Content/InfinityBladeWarriors/Character/CompleteCharacters/Textures_Materials/CharM_Natural/T_CharM_Natural_Mask.uasset" 428
"../../../../../Online Build/OnlineBuild_/Content/InfinityBladeWarriors/Character/CompleteCharacters/Textures_Materials/CharM_Natural/T_CharM_Natural_N.uasset" 429
"../../../../../Online Build/OnlineBuild_/Content/InfinityBladeWarriors/Character/CompleteCharacters/Textures_Materials/CharM_Natural/M_Char_Natural.uasset" 430
"../../../../../Online Build/OnlineBuild_/Content/InfinityBladeWarriors/Character/CompleteCharacters/SK_CharM_Natural.uasset" 431
"../../../../../Online Build/OnlineBuild_/Content/Blueprints/Characters/Natural.uasset" 432
"../../../../../Online Build/OnlineBuild_/Content/InfinityBladeWarriors/Character/CompleteCharacters/Textures_Materials/CharM_Pit/T_CharM_Pit_D.uasset" 433
"../../../../../Online Build/OnlineBuild_/Content/InfinityBladeWarriors/Character/CompleteCharacters/Textures_Materials/CharM_Pit/M_Char_Pit.uasset" 434
"../../../../../Online Build/OnlineBuild_/Content/InfinityBladeWarriors/Character/CompleteCharacters/SK_CharM_Pit.uasset" 435
"../../../../../Online Build/OnlineBuild_/Content/Blueprints/Characters/Pit.uasset" 436
"../../../../../Online Build/OnlineBuild_/Content/InfinityBladeWarriors/Character/CompleteCharacters/Textures_Materials/CharM_Robo/T_CharM_Robo_D.uasset" 437
"../../../../../Online Build/OnlineBuild_/Content/InfinityBladeWarriors/Character/CompleteCharacters/Textures_Materials/CharM_Robo/T_CharM_Robo_Mask.uasset" 438
"../../../../../Online Build/OnlineBuild_/Content/InfinityBladeWarriors/Character/CompleteCharacters/Textures_Materials/CharM_Robo/T_CharM_Robo_N.uasset" 439
"../../../../../Online Build/OnlineBuild_/Content/InfinityBladeWarriors/Character/CompleteCharacters/Textures_Materials/CharM_Robo/M_Char_Robo.uasset" 440
"../../../../../Online Build/OnlineBuild_/Content/InfinityBladeWarriors/Character/CompleteCharacters/SK_CharM_Robo.uasset" 441
"../../../../../Online Build/OnlineBuild_/Content/Blueprints/Characters/Robo.uasset" 442
"../../../../../Online Build/OnlineBuild_/Content/InfinityBladeWarriors/Character/CompleteCharacters/Textures_Materials/CharM_Tusk/T_CharM_Tusk_D.uasset" 443
"../../../../../Online Build/OnlineBuild_/Content/InfinityBladeWarriors/Character/CompleteCharacters/Textures_Materials/CharM_Tusk/T_CharM_Tusk_E.uasset" 444
"../../../../../Online Build/OnlineBuild_/Content/InfinityBladeWarriors/Character/CompleteCharacters/Textures_Materials/CharM_Tusk/T_CharM_Tusk_Mask.uasset" 445
"../../../../../Online Build/OnlineBuild_/Content/InfinityBladeWarriors/Character/CompleteCharacters/Textures_Materials/CharM_Tusk/T_CharM_Tusk_N.uasset" 446
"../../../../../Online Build/OnlineBuild_/Content/InfinityBladeWarriors/Character/CompleteCharacters/Textures_Materials/CharM_Tusk/M_Char_Tusk.uasset" 447
"../../../../../Online Build/OnlineBuild_/Content/InfinityBladeWarriors/Character/CompleteCharacters/SK_CharM_Tusk.uasset" 448
"../../../../../Online Build/OnlineBuild_/Content/Blueprints/Characters/Tusk.uasset" 449
"../../../../../Online Build/OnlineBuild_/Content/InfinityBladeWarriors/Character/CompleteCharacters/Textures_Materials/CharM_Warrior/T_CharM_Warrior_JewelMask.uasset" 450
"../../../../../Online Build/OnlineBuild_/Content/InfinityBladeWarriors/Character/CompleteCharacters/Textures_Materials/CharM_Warrior/T_CharM_Warrior_N.uasset" 451
"../../../../../Online Build/OnlineBuild_/Content/InfinityBladeWarriors/Character/CompleteCharacters/Textures_Materials/CharM_Warrior/T_CharM_WarriorB_D.uasset" 452
"../../../../../Online Build/OnlineBuild_/Content/InfinityBladeWarriors/Character/CompleteCharacters/Textures_Materials/CharM_Warrior/T_CharM_WarriorB_Mask.uasset" 453
"../../../../../Online Build/OnlineBuild_/Content/InfinityBladeWarriors/Character/CompleteCharacters/Textures_Materials/CharM_Warrior/M_Char_Warrior_B.uasset" 454
"../../../../../Online Build/OnlineBuild_/Content/InfinityBladeWarriors/Character/CompleteCharacters/SK_CharM_Warrior.uasset" 455
"../../../../../Online Build/OnlineBuild_/Content/Blueprints/Characters/Warrior.uasset" 456
"../../../../../Online Build/OnlineBuild_/Content/Textures/Barbarous.uasset" 457
"../../../../../Online Build/OnlineBuild_/Content/Textures/Forge.uasset" 458
"../../../../../Online Build/OnlineBuild_/Content/Textures/Frosty.uasset" 459
"../../../../../Online Build/OnlineBuild_/Content/Textures/Natural.uasset" 460
"../../../../../Online Build/OnlineBuild_/Content/Textures/Pit.uasset" 461
"../../../../../Online Build/OnlineBuild_/Content/Textures/Robo.uasset" 462
"../../../../../Online Build/OnlineBuild_/Content/Textures/Tusk.uasset" 463
"../../../../../Online Build/OnlineBuild_/Content/Textures/Warrior.uasset" 464
"../../../../../Online Build/OnlineBuild_/Content/UI/Lobby/CharacterSelect.uasset" 465
"../../../../../Online Build/OnlineBuild_/Content/UI/Lobby/ConnectedPlayer.uasset" 466
"../../../../../Online Build/OnlineBuild_/Content/Textures/Arena_01.uasset" 467
"../../../../../Online Build/OnlineBuild_/Content/Textures/Arena_02.uasset" 468
"../../../../../Online Build/OnlineBuild_/Content/UI/Lobby/PlayerButton.uasset" 469
"../../../../../Online Build/OnlineBuild_/Content/UI/Lobby/GameSettings.uasset" 470
"../../../../../Online Build/OnlineBuild_/Content/UI/Lobby/LobbyMenu.uasset" 471
"../../../../../Online Build/OnlineBuild_/Content/Blueprints/Lobby/LobbyGM.uasset" 472
"../../../../../Online Build/OnlineBuild_/Content/Blueprints/Lobby/LobbyPC.uasset" 473
"../../../../../Online Build/OnlineBuild_/Content/UI/AllLevels/ChatText.uasset" 474
"../../../../../Online Build/OnlineBuild_/Content/UI/AllLevels/ChatWindow.uasset" 475
"../../../../../Online Build/OnlineBuild_/Content/UI/AllLevels/GameplayChat.uasset" 476
"../../../../../Online Build/OnlineBuild_/Content/Blueprints/Gameplay/GameplayPC.uasset" 477
"../../../../../Online Build/OnlineBuild_/Content/Blueprints/Gameplay/GameplayGM.uasset" 478
"../../../../../Online Build/OnlineBuild_/Content/Maps/Arean01_BuiltData.uasset" 479
"../../../../../Online Build/OnlineBuild_/Content/Geometry/Meshes/CubeMaterial.uasset" 480
"../../../../../Online Build/OnlineBuild_/Content/Geometry/Meshes/1M_Cube.uasset" 481
"../../../../../Online Build/OnlineBuild_/Content/Geometry/Meshes/1M_Cube_Chamfer.uasset" 482
"../../../../../Online Build/OnlineBuild_/Content/Geometry/Meshes/TemplateFloor.uasset" 483
"../../../../../Online Build/OnlineBuild_/Content/ThirdPerson/Meshes/RampMaterial.uasset" 484
"../../../../../Online Build/OnlineBuild_/Content/ThirdPerson/Meshes/Bump_StaticMesh.uasset" 485
"../../../../../Online Build/OnlineBuild_/Content/ThirdPerson/Meshes/LeftArm_StaticMesh.uasset" 486
"../../../../../Online Build/OnlineBuild_/Content/ThirdPerson/Meshes/Linear_Stair_StaticMesh.uasset" 487
"../../../../../Online Build/OnlineBuild_/Content/ThirdPerson/Meshes/Ramp_StaticMesh.uasset" 488
"../../../../../Online Build/OnlineBuild_/Content/ThirdPerson/Meshes/RightArm_StaticMesh.uasset" 489
"../../../../../Online Build/OnlineBuild_/Content/Maps/Arean01.umap" 490
"../../../../../Online Build/OnlineBuild_/Content/Maps/Arean02_BuiltData.uasset" 491
"../../../../../Online Build/OnlineBuild_/Content/Maps/Arean02.umap" 492
"../../../../../Online Build/OnlineBuild_/Content/Maps/Lobby_BuiltData.uasset" 493
"../../../Engine/Content/MapTemplates/SM_Template_Map_Floor.uasset" 494
"../../../../../Online Build/OnlineBuild_/Content/Maps/Lobby.umap" 495
"../../../../../Online Build/OnlineBuild_/Content/Maps/MainMenu.umap" 496
"../../../../../Online Build/OnlineBuild_/Content/Maps/TravelMap.umap" 497
"../../../Engine/Content/BasicShapes/BasicShapeMaterial.uasset" 498
"../../../../../Online Build/OnlineBuild_/Content/InfinityBladeWarriors/Character/CompleteCharacters/Textures_Materials/CharM_Standard/T_CharM_Standard_Elite_D.uasset" 499
"../../../../../Online Build/OnlineBuild_/Content/InfinityBladeWarriors/Character/CompleteCharacters/Textures_Materials/CharM_Standard/T_CharM_Standard_Mask.uasset" 500
"../../../../../Online Build/OnlineBuild_/Content/InfinityBladeWarriors/Character/CompleteCharacters/Textures_Materials/CharM_Standard/T_CharM_Standard_N.uasset" 501
"../../../../../Online Build/OnlineBuild_/Content/InfinityBladeWarriors/Character/CompleteCharacters/Textures_Materials/CharM_Standard/M_Char_Standard_Elite.uasset" 502
"../../../../../Online Build/OnlineBuild_/Content/InfinityBladeWarriors/Character/CompleteCharacters/Textures_Materials/CharM_Tusk/T_CharM_Horn_D.uasset" 503
"../../../../../Online Build/OnlineBuild_/Content/InfinityBladeWarriors/Character/CompleteCharacters/Textures_Materials/CharM_Tusk/M_Char_Horn.uasset" 504
"../../../../../Online Build/OnlineBuild_/Content/InfinityBladeWarriors/Character/CompleteCharacters/Textures_Materials/CharM_Tusk/T_CharM_Talon_D.uasset" 505
"../../../../../Online Build/OnlineBuild_/Content/InfinityBladeWarriors/Character/CompleteCharacters/Textures_Materials/CharM_Tusk/M_Char_Talon.uasset" 506
"../../../../../Online Build/OnlineBuild_/Content/InfinityBladeWarriors/Character/CompleteCharacters/Textures_Materials/CharM_Warrior/T_CharM_Warrior_D.uasset" 507
"../../../../../Online Build/OnlineBuild_/Content/InfinityBladeWarriors/Character/CompleteCharacters/Textures_Materials/CharM_Warrior/M_Char_Warrior.uasset" 508
"../../../Engine/Content/Functions/Engine_MaterialFunctions01/Gradient/RadialGradientExponential.uasset" 509
"../../../../../Online Build/OnlineBuild_/Content/InfinityBladeWarriors/Maps/LevelContent/Architecture/T_MeterGrid_01_M.uasset" 510
"../../../../../Online Build/OnlineBuild_/Content/InfinityBladeWarriors/Maps/LevelContent/Architecture/M_CycWall_01.uasset" 511
"../../../Engine/Content/BasicShapes/Cube.uasset" 512
"../../../Engine/Content/MapTemplates/lut/LUT_Daytime.uasset" 513
"../../../../../Online Build/OnlineBuild_/Content/InfinityBladeWarriors/Character/CompleteCharacters/Textures_Materials/CharM_Base/T_CharM_Base_D.uasset" 514
"../../../../../Online Build/OnlineBuild_/Content/InfinityBladeWarriors/Character/CompleteCharacters/Textures_Materials/CharM_Base/T_CharM_Base_M.uasset" 515
"../../../../../Online Build/OnlineBuild_/Content/InfinityBladeWarriors/Character/CompleteCharacters/Textures_Materials/CharM_Base/T_CharM_Base_N.uasset" 516
"../../../../../Online Build/OnlineBuild_/Content/InfinityBladeWarriors/Character/CompleteCharacters/Textures_Materials/CharM_Base/M_CharM_Base.uasset" 517
"../../../../../Online Build/OnlineBuild_/Content/InfinityBladeWarriors/Character/CompleteCharacters/sk_CharM_Base.uasset" 518
"../../../../../Online Build/OnlineBuild_/Content/InfinityBladeWarriors/Character/CompleteCharacters/Textures_Materials/CharM_Bladed/M_CharM_Bladed.uasset" 519
"../../../../../Online Build/OnlineBuild_/Content/InfinityBladeWarriors/Character/CompleteCharacters/SK_CharM_Bladed.uasset" 520
"../../../../../Online Build/OnlineBuild_/Content/InfinityBladeWarriors/Character/CompleteCharacters/Textures_Materials/CharM_Cardboard/Char_M_Cardboard_D.uasset" 521
"../../../../../Online Build/OnlineBuild_/Content/InfinityBladeWarriors/Character/CompleteCharacters/Textures_Materials/CharM_Cardboard/Char_M_Cardboard_N.uasset" 522
"../../../../../Online Build/OnlineBuild_/Content/InfinityBladeWarriors/Character/CompleteCharacters/Textures_Materials/CharM_Cardboard/Char_M_Cardboard_Skin_Mask.uasset" 523
"../../../../../Online Build/OnlineBuild_/Content/InfinityBladeWarriors/Character/CompleteCharacters/Textures_Materials/CharM_Cardboard/M_Char_Cardboard.uasset" 524
"../../../../../Online Build/OnlineBuild_/Content/InfinityBladeWarriors/Character/CompleteCharacters/SK_CharM_Cardboard.uasset" 525
"../../../../../Online Build/OnlineBuild_/Content/InfinityBladeWarriors/Character/CompleteCharacters/Textures_Materials/CharM_Golden/T_CharM_Golden_D.uasset" 526
"../../../../../Online Build/OnlineBuild_/Content/InfinityBladeWarriors/Character/CompleteCharacters/Textures_Materials/CharM_Golden/T_CharM_Golden_Mask.uasset" 527
"../../../../../Online Build/OnlineBuild_/Content/InfinityBladeWarriors/Character/CompleteCharacters/Textures_Materials/CharM_Golden/T_CharM_Golden_N.uasset" 528
"../../../../../Online Build/OnlineBuild_/Content/InfinityBladeWarriors/Character/CompleteCharacters/Textures_Materials/CharM_Golden/M_Char_Golden.uasset" 529
"../../../../../Online Build/OnlineBuild_/Content/InfinityBladeWarriors/Character/CompleteCharacters/SK_CharM_Golden.uasset" 530
"../../../../../Online Build/OnlineBuild_/Content/InfinityBladeWarriors/Character/CompleteCharacters/Textures_Materials/CharM_Ragged/T_CharM_Ragged_D.uasset" 531
"../../../../../Online Build/OnlineBuild_/Content/InfinityBladeWarriors/Character/CompleteCharacters/Textures_Materials/CharM_Ragged/T_CharM_Ragged_Elite_Mask.uasset" 532
"../../../../../Online Build/OnlineBuild_/Content/InfinityBladeWarriors/Character/CompleteCharacters/Textures_Materials/CharM_Ragged/T_CharM_Ragged_N.uasset" 533
"../../../../../Online Build/OnlineBuild_/Content/InfinityBladeWarriors/Character/CompleteCharacters/Textures_Materials/CharM_Ragged/M_Char_Ragged.uasset" 534
"../../../../../Online Build/OnlineBuild_/Content/InfinityBladeWarriors/Character/CompleteCharacters/SK_CharM_Ragged0.uasset" 535
"../../../../../Online Build/OnlineBuild_/Content/InfinityBladeWarriors/Character/CompleteCharacters/Textures_Materials/CharM_Ragged/T_CharM_Ragged_Elite.uasset" 536
"../../../../../Online Build/OnlineBuild_/Content/InfinityBladeWarriors/Character/CompleteCharacters/Textures_Materials/CharM_Ragged/M_Char_RaggedElite.uasset" 537
"../../../../../Online Build/OnlineBuild_/Content/InfinityBladeWarriors/Character/CompleteCharacters/SK_CharM_RaggedElite.uasset" 538
"../../../Engine/Content/Functions/Engine_MaterialFunctions02/ExampleContent/Textures/LowResBlurredNoise.uasset" 539
"../../../../../Online Build/OnlineBuild_/Content/InfinityBladeWarriors/Character/CompleteCharacters/Textures_Materials/CharM_Ram/T_CharM_Ram_B_D.uasset" 540
"../../../../../Online Build/OnlineBuild_/Content/InfinityBladeWarriors/Character/CompleteCharacters/Textures_Materials/CharM_Ram/T_CharM_Ram_B_Mask.uasset" 541
"../../../../../Online Build/OnlineBuild_/Content/InfinityBladeWarriors/Character/CompleteCharacters/Textures_Materials/CharM_Ram/T_CharM_Ram_N.uasset" 542
"../../../../../Online Build/OnlineBuild_/Content/InfinityBladeWarriors/Character/CompleteCharacters/Textures_Materials/CharM_Ram/M_Char_Ram.uasset" 543
"../../../../../Online Build/OnlineBuild_/Content/InfinityBladeWarriors/Character/CompleteCharacters/SK_CharM_Ram.uasset" 544
"../../../../../Online Build/OnlineBuild_/Content/InfinityBladeWarriors/Character/CompleteCharacters/Textures_Materials/CharM_Shell/T_CharM_Shell_D.uasset" 545
"../../../../../Online Build/OnlineBuild_/Content/InfinityBladeWarriors/Character/CompleteCharacters/Textures_Materials/CharM_Shell/T_CharM_Shell_N.uasset" 546
"../../../../../Online Build/OnlineBuild_/Content/InfinityBladeWarriors/Character/CompleteCharacters/Textures_Materials/CharM_Shell/M_Char_Shell.uasset" 547
"../../../../../Online Build/OnlineBuild_/Content/InfinityBladeWarriors/Character/CompleteCharacters/SK_CharM_Shell.uasset" 548
"../../../../../Online Build/OnlineBuild_/Content/InfinityBladeWarriors/Character/CompleteCharacters/Textures_Materials/CharM_solid/T_CharM_solid_D.uasset" 549
"../../../../../Online Build/OnlineBuild_/Content/InfinityBladeWarriors/Character/CompleteCharacters/Textures_Materials/CharM_solid/T_CharM_solid_Mask.uasset" 550
"../../../../../Online Build/OnlineBuild_/Content/InfinityBladeWarriors/Character/CompleteCharacters/Textures_Materials/CharM_solid/T_CharM_solid_N.uasset" 551
"../../../../../Online Build/OnlineBuild_/Content/InfinityBladeWarriors/Character/CompleteCharacters/Textures_Materials/CharM_solid/M_Char_Solid.uasset" 552
"../../../../../Online Build/OnlineBuild_/Content/InfinityBladeWarriors/Character/CompleteCharacters/SK_CharM_solid.uasset" 553
"../../../../../Online Build/OnlineBuild_/Content/InfinityBladeWarriors/Character/CompleteCharacters/Textures_Materials/CharM_Standard/T_CharM_Standard_D.uasset" 554
"../../../../../Online Build/OnlineBuild_/Content/InfinityBladeWarriors/Character/CompleteCharacters/Textures_Materials/CharM_Standard/M_Char_Standard.uasset" 555
"../../../../../Online Build/OnlineBuild_/Content/InfinityBladeWarriors/Character/CompleteCharacters/SK_CharM_Standard.uasset" 556
"../../../../../Online Build/OnlineBuild_/Content/InfinityBladeWarriors/Maps/LevelContent/Architecture/M_1Meter_01.uasset" 557
"../../../../../Online Build/OnlineBuild_/Content/InfinityBladeWarriors/Maps/LevelContent/Architecture/SM_1Meter_01.uasset" 558
"../../../../../Online Build/OnlineBuild_/Content/InfinityBladeWarriors/Maps/LevelContent/Architecture/M_CycRoom_01.uasset" 559
"../../../../../Online Build/OnlineBuild_/Content/InfinityBladeWarriors/Maps/LevelContent/Architecture/SM_CycRoom_01.uasset" 560
"../../../../../Online Build/OnlineBuild_/Content/InfinityBladeWarriors/Maps/LevelContent/HDRI/HDRI_Epic_Courtyard_Daylight.uasset" 561
"../../../../../Online Build/OnlineBuild_/Content/InfinityBladeWarriors/Maps/Overview.umap" 562
"../../../../../Online Build/OnlineBuild_/Content/StarterContent/Blueprints/Assets/FogBrightnessLUT.uasset" 563
"../../../../../Online Build/OnlineBuild_/Content/StarterContent/Blueprints/Assets/SunlightColorLUT.uasset" 564
"../../../../../Online Build/OnlineBuild_/Content/StarterContent/Blueprints/Assets/M_LightStage_Arrows.uasset" 565
"../../../Engine/Content/MapTemplates/Sky/DaylightAmbientCubemap.uasset" 566
"../../../../../Online Build/OnlineBuild_/Content/StarterContent/Blueprints/Assets/M_LightStage_Skybox_Master.uasset" 567
"../../../../../Online Build/OnlineBuild_/Content/StarterContent/Blueprints/Assets/M_LightStage_Skybox_Black.uasset" 568
"../../../../../Online Build/OnlineBuild_/Content/StarterContent/Blueprints/Assets/M_LightStage_Skybox_HDRI.uasset" 569
"../../../Engine/Content/EditorMaterials/Thumbnails/SkySphereMaterial.uasset" 570
"../../../../../Online Build/OnlineBuild_/Content/StarterContent/Blueprints/Assets/Skybox.uasset" 571
"../../../../../Online Build/OnlineBuild_/Content/StarterContent/Blueprints/Assets/SM_Arrows.uasset" 572
"../../../../../Online Build/OnlineBuild_/Content/StarterContent/HDRI/HDRI_Epic_Courtyard_Daylight.uasset" 573
"../../../../../Online Build/OnlineBuild_/Content/StarterContent/Blueprints/BP_LightStudio.uasset" 574
"../../../../../Online Build/OnlineBuild_/Content/StarterContent/Maps/Advanced_Lighting_BuiltData.uasset" 575
"../../../../../Online Build/OnlineBuild_/Content/StarterContent/Materials/M_AssetPlatform.uasset" 576
"../../../Engine/Content/EditorMeshes/ColorCalibrator/M_ChromeBall.uasset" 577
"../../../Engine/Content/EditorMeshes/ColorCalibrator/M_ClearCoat.uasset" 578
"../../../Engine/Content/EditorMeshes/ColorCalibrator/M_ClearCoatBlack.uasset" 579
"../../../Engine/Content/EditorMeshes/ColorCalibrator/Color_checker.uasset" 580
"../../../Engine/Content/EditorMeshes/ColorCalibrator/M_ColorGrid.uasset" 581
"../../../Engine/Content/EditorMeshes/ColorCalibrator/M_GreyBall.uasset" 582
"../../../Engine/Content/EditorMeshes/ColorCalibrator/SM_ColorCalibrator.uasset" 583
"../../../../../Online Build/OnlineBuild_/Content/StarterContent/Architecture/SM_AssetPlatform.uasset" 584
"../../../../../Online Build/OnlineBuild_/Content/StarterContent/Maps/Advanced_Lighting.umap" 585
"../../../../../Online Build/OnlineBuild_/Content/StarterContent/Maps/Minimal_Default_BuiltData.uasset" 586
"../../../../../Online Build/OnlineBuild_/Content/StarterContent/Textures/T_MacroVariation.uasset" 587
"../../../../../Online Build/OnlineBuild_/Content/StarterContent/Materials/M_Metal_Brushed_Nickel.uasset" 588
"../../../../../Online Build/OnlineBuild_/Content/StarterContent/Textures/T_Metal_Aluminum_D.uasset" 589
"../../../../../Online Build/OnlineBuild_/Content/StarterContent/Textures/T_Metal_Gold_N.uasset" 590
"../../../../../Online Build/OnlineBuild_/Content/StarterContent/Materials/M_Metal_Burnished_Steel.uasset" 591
"../../../../../Online Build/OnlineBuild_/Content/StarterContent/Textures/T_Metal_Copper_D.uasset" 592
"../../../../../Online Build/OnlineBuild_/Content/StarterContent/Materials/M_Metal_Copper.uasset" 593
"../../../../../Online Build/OnlineBuild_/Content/StarterContent/Textures/T_Statue_M.uasset" 594
"../../../../../Online Build/OnlineBuild_/Content/StarterContent/Textures/T_Statue_N.uasset" 595
"../../../../../Online Build/OnlineBuild_/Content/StarterContent/Props/Materials/M_StatueGlass.uasset" 596
"../../../../../Online Build/OnlineBuild_/Content/StarterContent/Architecture/Floor_400x400.uasset" 597
"../../../../../Online Build/OnlineBuild_/Content/StarterContent/Audio/Starter_Background_Cue.uasset" 598
"../../../../../Online Build/OnlineBuild_/Content/StarterContent/Props/SM_Chair.uasset" 599
"../../../../../Online Build/OnlineBuild_/Content/StarterContent/Props/Materials/M_Statue.uasset" 600
"../../../../../Online Build/OnlineBuild_/Content/StarterContent/Props/SM_Statue.uasset" 601
"../../../../../Online Build/OnlineBuild_/Content/StarterContent/Textures/T_TableRound_M.uasset" 602
"../../../../../Online Build/OnlineBuild_/Content/StarterContent/Textures/T_TableRound_N.uasset" 603
"../../../../../Online Build/OnlineBuild_/Content/StarterContent/Props/Materials/M_TableRound.uasset" 604
"../../../../../Online Build/OnlineBuild_/Content/StarterContent/Props/SM_TableRound.uasset" 605
"../../../../../Online Build/OnlineBuild_/Content/StarterContent/Maps/Minimal_Default.umap" 606
"../../../../../Online Build/OnlineBuild_/Content/StarterContent/Audio/Fire01_Cue.uasset" 607
"../../../../../Online Build/OnlineBuild_/Content/StarterContent/Textures/T_Fire_SubUV.uasset" 608
"../../../../../Online Build/OnlineBuild_/Content/StarterContent/Particles/Materials/M_Fire_SubUV.uasset" 609
"../../../../../Online Build/OnlineBuild_/Content/StarterContent/Textures/T_Water_N.uasset" 610
"../../../../../Online Build/OnlineBuild_/Content/StarterContent/Particles/Materials/M_Heat_Distortion.uasset" 611
"../../../../../Online Build/OnlineBuild_/Content/StarterContent/Particles/Materials/M_Radial_Gradient.uasset" 612
"../../../../../Online Build/OnlineBuild_/Content/StarterContent/Particles/P_Fire.uasset" 613
"../../../../../Online Build/OnlineBuild_/Content/StarterContent/Blueprints/Blueprint_Effect_Fire.uasset" 614
"../../../../../Online Build/OnlineBuild_/Content/StarterContent/Audio/Smoke01_Cue.uasset" 615
"../../../../../Online Build/OnlineBuild_/Content/StarterContent/Particles/P_Smoke.uasset" 616
"../../../../../Online Build/OnlineBuild_/Content/StarterContent/Blueprints/Blueprint_Effect_Smoke.uasset" 617
"../../../../../Online Build/OnlineBuild_/Content/StarterContent/Audio/Fire_Sparks01_Cue.uasset" 618
"../../../../../Online Build/OnlineBuild_/Content/StarterContent/Textures/T_Spark_Core.uasset" 619
"../../../../../Online Build/OnlineBuild_/Content/StarterContent/Particles/Materials/M_Spark.uasset" 620
"../../../../../Online Build/OnlineBuild_/Content/StarterContent/Particles/P_Sparks.uasset" 621
"../../../../../Online Build/OnlineBuild_/Content/StarterContent/Blueprints/Blueprint_Effect_Sparks.uasset" 622
"../../../../../Online Build/OnlineBuild_/Content/StarterContent/Audio/Steam01_Cue.uasset" 623
"../../../../../Online Build/OnlineBuild_/Content/StarterContent/Particles/P_Steam_Lit.uasset" 624
"../../../../../Online Build/OnlineBuild_/Content/StarterContent/Blueprints/Blueprint_Effect_Steam.uasset" 625
"../../../../../Online Build/OnlineBuild_/Content/StarterContent/Textures/T_Lamp_M.uasset" 626
"../../../../../Online Build/OnlineBuild_/Content/StarterContent/Textures/T_Lamp_N.uasset" 627
"../../../../../Online Build/OnlineBuild_/Content/StarterContent/Props/Materials/M_Lamp.uasset" 628
"../../../../../Online Build/OnlineBuild_/Content/StarterContent/Props/SM_Lamp_Ceiling.uasset" 629
"../../../../../Online Build/OnlineBuild_/Content/StarterContent/Blueprints/Blueprint_CeilingLight.uasset" 630
"../../../../../Online Build/OnlineBuild_/Content/StarterContent/Props/SM_Lamp_Wall.uasset" 631
"../../../../../Online Build/OnlineBuild_/Content/StarterContent/Blueprints/Blueprint_WallSconce.uasset" 632
"../../../../../Online Build/OnlineBuild_/Content/StarterContent/Maps/StarterMap_BuiltData.uasset" 633
"../../../Engine/Content/Functions/Engine_MaterialFunctions03/Procedurals/ComputeFilterWidth.uasset" 634
"../../../Engine/Content/EngineMaterials/AntiAliasedTextMaterialTranslucent.uasset" 635
"../../../../../Online Build/OnlineBuild_/Content/StarterContent/Textures/T_Brick_Clay_Beveled_M.uasset" 636
"../../../../../Online Build/OnlineBuild_/Content/StarterContent/Textures/T_Brick_Clay_Beveled_N.uasset" 637
"../../../../../Online Build/OnlineBuild_/Content/StarterContent/Materials/M_Brick_Clay_Beveled.uasset" 638
"../../../../../Online Build/OnlineBuild_/Content/StarterContent/Textures/T_Brick_Clay_New_D.uasset" 639
"../../../../../Online Build/OnlineBuild_/Content/StarterContent/Textures/T_Brick_Clay_New_M.uasset" 640
"../../../../../Online Build/OnlineBuild_/Content/StarterContent/Textures/T_Brick_Clay_New_N.uasset" 641
"../../../../../Online Build/OnlineBuild_/Content/StarterContent/Materials/M_Brick_Clay_New.uasset" 642
"../../../../../Online Build/OnlineBuild_/Content/StarterContent/Textures/T_Brick_Clay_Old_D.uasset" 643
"../../../../../Online Build/OnlineBuild_/Content/StarterContent/Textures/T_Brick_Clay_Old_N.uasset" 644
"../../../../../Online Build/OnlineBuild_/Content/StarterContent/Textures/T_Perlin_Noise_M.uasset" 645
"../../../../../Online Build/OnlineBuild_/Content/StarterContent/Materials/M_Brick_Clay_Old.uasset" 646
"../../../../../Online Build/OnlineBuild_/Content/StarterContent/Textures/T_Brick_Cut_Stone_D.uasset" 647
"../../../../../Online Build/OnlineBuild_/Content/StarterContent/Textures/T_Brick_Cut_Stone_N.uasset" 648
"../../../../../Online Build/OnlineBuild_/Content/StarterContent/Materials/M_Brick_Cut_Stone.uasset" 649
"../../../../../Online Build/OnlineBuild_/Content/StarterContent/Textures/T_Brick_Hewn_Stone_D.uasset" 650
"../../../../../Online Build/OnlineBuild_/Content/StarterContent/Textures/T_Brick_Hewn_Stone_M.uasset" 651
"../../../../../Online Build/OnlineBuild_/Content/StarterContent/Textures/T_Brick_Hewn_Stone_N.uasset" 652
"../../../../../Online Build/OnlineBuild_/Content/StarterContent/Materials/M_Brick_Hewn_Stone.uasset" 653
"../../../../../Online Build/OnlineBuild_/Content/StarterContent/Textures/T_Ceramic_Tile_N.uasset" 654
"../../../../../Online Build/OnlineBuild_/Content/StarterContent/Textures/T_Rock_Marble_Polished_D.uasset" 655
"../../../../../Online Build/OnlineBuild_/Content/StarterContent/Materials/M_Ceramic_Tile_Checker.uasset" 656
"../../../../../Online Build/OnlineBuild_/Content/StarterContent/Textures/T_CobbleStone_Pebble_D.uasset" 657
"../../../../../Online Build/OnlineBuild_/Content/StarterContent/Textures/T_CobbleStone_Pebble_M.uasset" 658
"../../../../../Online Build/OnlineBuild_/Content/StarterContent/Textures/T_CobbleStone_Pebble_N.uasset" 659
"../../../../../Online Build/OnlineBuild_/Content/StarterContent/Materials/M_CobbleStone_Pebble.uasset" 660
"../../../../../Online Build/OnlineBuild_/Content/StarterContent/Textures/T_CobbleStone_Rough_D.uasset" 661
"../../../../../Online Build/OnlineBuild_/Content/StarterContent/Textures/T_Gradinet_01.uasset" 662
"../../../../../Online Build/OnlineBuild_/Content/StarterContent/Textures/T_Rock_Smooth_Granite_D.uasset" 663
"../../../../../Online Build/OnlineBuild_/Content/StarterContent/Materials/M_CobbleStone_Rough.uasset" 664
"../../../../../Online Build/OnlineBuild_/Content/StarterContent/Textures/T_CobbleStone_Smooth_D.uasset" 665
"../../../../../Online Build/OnlineBuild_/Content/StarterContent/Textures/T_CobbleStone_Smooth_N.uasset" 666
"../../../../../Online Build/OnlineBuild_/Content/StarterContent/Materials/M_CobbleStone_Smooth.uasset" 667
"../../../../../Online Build/OnlineBuild_/Content/StarterContent/Textures/T_Concrete_Grime_D.uasset" 668
"../../../../../Online Build/OnlineBuild_/Content/StarterContent/Textures/T_Metal_Rust_N.uasset" 669
"../../../../../Online Build/OnlineBuild_/Content/StarterContent/Materials/M_Concrete_Grime.uasset" 670
"../../../../../Online Build/OnlineBuild_/Content/StarterContent/Textures/T_Concrete_Panels_D.uasset" 671
"../../../../../Online Build/OnlineBuild_/Content/StarterContent/Textures/T_Concrete_Panels_N.uasset" 672
"../../../../../Online Build/OnlineBuild_/Content/StarterContent/Materials/M_Concrete_Panels.uasset" 673
"../../../../../Online Build/OnlineBuild_/Content/StarterContent/Textures/T_Concrete_Poured_D.uasset" 674
"../../../../../Online Build/OnlineBuild_/Content/StarterContent/Textures/T_Concrete_Poured_N.uasset" 675
"../../../../../Online Build/OnlineBuild_/Content/StarterContent/Materials/M_Concrete_Poured.uasset" 676
"../../../../../Online Build/OnlineBuild_/Content/StarterContent/Textures/T_Concrete_Tiles_D.uasset" 677
"../../../../../Online Build/OnlineBuild_/Content/StarterContent/Textures/T_Concrete_Tiles_M.uasset" 678
"../../../../../Online Build/OnlineBuild_/Content/StarterContent/Textures/T_Concrete_Tiles_N.uasset" 679
"../../../../../Online Build/OnlineBuild_/Content/StarterContent/Textures/T_Concrete_Tiles_Variation_M.uasset" 680
"../../../../../Online Build/OnlineBuild_/Content/StarterContent/Materials/M_Concrete_Tiles.uasset" 681
"../../../../../Online Build/OnlineBuild_/Content/StarterContent/Textures/T_Ground_Grass_D.uasset" 682
"../../../../../Online Build/OnlineBuild_/Content/StarterContent/Textures/T_Ground_Grass_N.uasset" 683
"../../../../../Online Build/OnlineBuild_/Content/StarterContent/Materials/M_Ground_Grass.uasset" 684
"../../../../../Online Build/OnlineBuild_/Content/StarterContent/Textures/T_Ground_Gravel_D.uasset" 685
"../../../../../Online Build/OnlineBuild_/Content/StarterContent/Textures/T_Ground_Gravel_N.uasset" 686
"../../../../../Online Build/OnlineBuild_/Content/StarterContent/Materials/M_Ground_Gravel.uasset" 687
"../../../../../Online Build/OnlineBuild_/Content/StarterContent/Textures/T_ground_Moss_D.uasset" 688
"../../../../../Online Build/OnlineBuild_/Content/StarterContent/Textures/T_Ground_Moss_N.uasset" 689
"../../../../../Online Build/OnlineBuild_/Content/StarterContent/Materials/M_Ground_Moss.uasset" 690
"../../../../../Online Build/OnlineBuild_/Content/StarterContent/Materials/M_Metal_Chrome.uasset" 691
"../../../../../Online Build/OnlineBuild_/Content/StarterContent/Textures/T_Metal_Gold_D.uasset" 692
"../../../../../Online Build/OnlineBuild_/Content/StarterContent/Materials/M_Metal_Gold.uasset" 693
"../../../../../Online Build/OnlineBuild_/Content/StarterContent/Textures/T_Metal_Rust_D.uasset" 694
"../../../../../Online Build/OnlineBuild_/Content/StarterContent/Materials/M_Metal_Rust.uasset" 695
"../../../../../Online Build/OnlineBuild_/Content/StarterContent/Textures/T_Metal_Steel_D.uasset" 696
"../../../../../Online Build/OnlineBuild_/Content/StarterContent/Textures/T_Metal_Steel_N.uasset" 697
"../../../../../Online Build/OnlineBuild_/Content/StarterContent/Materials/M_Metal_Steel.uasset" 698
"../../../../../Online Build/OnlineBuild_/Content/StarterContent/Textures/T_Rock_Basalt_N.uasset" 699
"../../../../../Online Build/OnlineBuild_/Content/StarterContent/Materials/M_Rock_Basalt.uasset" 700
"../../../../../Online Build/OnlineBuild_/Content/StarterContent/Materials/M_Rock_Marble_Polished.uasset" 701
"../../../../../Online Build/OnlineBuild_/Content/StarterContent/Textures/T_Rock_Sandstone_D.uasset" 702
"../../../../../Online Build/OnlineBuild_/Content/StarterContent/Textures/T_Rock_Sandstone_N.uasset" 703
"../../../../../Online Build/OnlineBuild_/Content/StarterContent/Materials/M_Rock_Sandstone.uasset" 704
"../../../../../Online Build/OnlineBuild_/Content/StarterContent/Textures/T_Rock_Slate_D.uasset" 705
"../../../../../Online Build/OnlineBuild_/Content/StarterContent/Textures/T_Rock_Slate_N.uasset" 706
"../../../../../Online Build/OnlineBuild_/Content/StarterContent/Materials/M_Rock_Slate.uasset" 707
"../../../../../Online Build/OnlineBuild_/Content/StarterContent/Textures/T_Single_Tile_N.uasset" 708
"../../../../../Online Build/OnlineBuild_/Content/StarterContent/Textures/T_Tech_Dot_M.uasset" 709
"../../../../../Online Build/OnlineBuild_/Content/StarterContent/Textures/T_Tech_Dot_N.uasset" 710
"../../../../../Online Build/OnlineBuild_/Content/StarterContent/Materials/M_Tech_Checker_Dot.uasset" 711
"../../../../../Online Build/OnlineBuild_/Content/StarterContent/Textures/T_Tech_Hex_Tile_M.uasset" 712
"../../../../../Online Build/OnlineBuild_/Content/StarterContent/Textures/T_Tech_Hex_Tile_N.uasset" 713
"../../../../../Online Build/OnlineBuild_/Content/StarterContent/Materials/M_Tech_Hex_Tile.uasset" 714
"../../../../../Online Build/OnlineBuild_/Content/StarterContent/Materials/M_Tech_Hex_Tile_Pulse.uasset" 715
"../../../../../Online Build/OnlineBuild_/Content/StarterContent/Textures/T_Tech_Panel_M.uasset" 716
"../../../../../Online Build/OnlineBuild_/Content/StarterContent/Textures/T_Tech_Panel_N.uasset" 717
"../../../../../Online Build/OnlineBuild_/Content/StarterContent/Materials/M_Tech_Panel.uasset" 718
"../../../../../Online Build/OnlineBuild_/Content/StarterContent/Materials/M_Water_Lake.uasset" 719
"../../../../../Online Build/OnlineBuild_/Content/StarterContent/Textures/T_Water_M.uasset" 720
"../../../../../Online Build/OnlineBuild_/Content/StarterContent/Materials/M_Water_Ocean.uasset" 721
"../../../../../Online Build/OnlineBuild_/Content/StarterContent/Textures/T_Wood_Floor_Walnut_D.uasset" 722
"../../../../../Online Build/OnlineBuild_/Content/StarterContent/Textures/T_Wood_Floor_Walnut_M.uasset" 723
"../../../../../Online Build/OnlineBuild_/Content/StarterContent/Textures/T_Wood_Floor_Walnut_N.uasset" 724
"../../../../../Online Build/OnlineBuild_/Content/StarterContent/Materials/M_Wood_Floor_Walnut_Polished.uasset" 725
"../../../Engine/Content/Functions/Engine_MaterialFunctions01/Opacity/AlphaOffset.uasset" 726
"../../../../../Online Build/OnlineBuild_/Content/StarterContent/Materials/M_Wood_Floor_Walnut_Worn.uasset" 727
"../../../../../Online Build/OnlineBuild_/Content/StarterContent/Textures/T_Wood_Oak_D.uasset" 728
"../../../../../Online Build/OnlineBuild_/Content/StarterContent/Textures/T_Wood_Oak_N.uasset" 729
"../../../../../Online Build/OnlineBuild_/Content/StarterContent/Materials/M_Wood_Oak.uasset" 730
"../../../../../Online Build/OnlineBuild_/Content/StarterContent/Textures/T_Wood_Pine_D.uasset" 731
"../../../../../Online Build/OnlineBuild_/Content/StarterContent/Textures/T_Wood_Pine_N.uasset" 732
"../../../../../Online Build/OnlineBuild_/Content/StarterContent/Materials/M_Wood_Pine.uasset" 733
"../../../../../Online Build/OnlineBuild_/Content/StarterContent/Textures/T_Wood_Walnut_D.uasset" 734
"../../../../../Online Build/OnlineBuild_/Content/StarterContent/Textures/T_Wood_Walnut_N.uasset" 735
"../../../../../Online Build/OnlineBuild_/Content/StarterContent/Materials/M_Wood_Walnut.uasset" 736
"../../../../../Online Build/OnlineBuild_/Content/StarterContent/Architecture/Wall_400x200.uasset" 737
"../../../../../Online Build/OnlineBuild_/Content/StarterContent/Architecture/Wall_Door_400x300.uasset" 738
"../../../../../Online Build/OnlineBuild_/Content/StarterContent/Architecture/Wall_Window_400x300.uasset" 739
"../../../../../Online Build/OnlineBuild_/Content/StarterContent/Audio/Collapse_Cue.uasset" 740
"../../../../../Online Build/OnlineBuild_/Content/StarterContent/Audio/Starter_Music_Cue.uasset" 741
"../../../../../Online Build/OnlineBuild_/Content/StarterContent/Textures/T_Dust_Particle_D.uasset" 742
"../../../../../Online Build/OnlineBuild_/Content/StarterContent/Particles/Materials/M_Dust_Particle.uasset" 743
"../../../../../Online Build/OnlineBuild_/Content/StarterContent/Particles/P_Ambient_Dust.uasset" 744
"../../../../../Online Build/OnlineBuild_/Content/StarterContent/Props/MaterialSphere.uasset" 745
"../../../../../Online Build/OnlineBuild_/Content/StarterContent/Textures/T_Frame_M.uasset" 746
"../../../../../Online Build/OnlineBuild_/Content/StarterContent/Textures/T_Frame_N.uasset" 747
"../../../../../Online Build/OnlineBuild_/Content/StarterContent/Props/Materials/M_Frame.uasset" 748
"../../../../../Online Build/OnlineBuild_/Content/StarterContent/Props/SM_CornerFrame.uasset" 749
"../../../../../Online Build/OnlineBuild_/Content/StarterContent/Props/SM_DoorFrame.uasset" 750
"../../../../../Online Build/OnlineBuild_/Content/StarterContent/Props/SM_GlassWindow.uasset" 751
"../../../../../Online Build/OnlineBuild_/Content/StarterContent/Props/SM_PillarFrame.uasset" 752
"../../../../../Online Build/OnlineBuild_/Content/StarterContent/Props/SM_PillarFrame300.uasset" 753
"../../../../../Online Build/OnlineBuild_/Content/StarterContent/Props/SM_WindowFrame.uasset" 754
"../../../../../Online Build/OnlineBuild_/Content/StarterContent/Shapes/Shape_Cube.uasset" 755
"../../../../../Online Build/OnlineBuild_/Content/StarterContent/Shapes/Shape_QuadPyramid.uasset" 756
"../../../../../Online Build/OnlineBuild_/Content/StarterContent/Shapes/Shape_Sphere.uasset" 757
"../../../../../Online Build/OnlineBuild_/Content/StarterContent/Maps/StarterMap.umap" 758
"../../../../../Online Build/OnlineBuild_/Content/ThirdPersonBP/Maps/ThirdPersonExampleMap_BuiltData.uasset" 759
"../../../../../Online Build/OnlineBuild_/Content/ThirdPersonBP/Maps/ThirdPersonExampleMap.umap" 760
